Using pre-set license
Built from '2020.2/release' branch; Version is '2020.2.1f1 (270dd8c3da1c) revision 2559448'; Using compiler version '192528614'; Build Type 'Release'
OS: 'Windows 10  (10.0.0) 64bit' Language: 'es' Physical Memory: 8191 MB
BatchMode: 1, IsHumanControllingUs: 0, StartBugReporterOnCrash: 0, Is64bit: 1, IsPro: 0

 COMMAND LINE ARGUMENTS:
C:\Program Files\Unity2019.4.17f1\2020.2.1f1\Editor\Unity.exe
-adb2
-batchMode
-noUpm
-name
AssetImportWorker1
-projectPath
C:/Users/Joel/Unity Projects/LowPolyGameV2
-logFile
Logs/AssetImportWorker1.log
-srvPort
62294
Successfully changed project path to: C:/Users/Joel/Unity Projects/LowPolyGameV2
C:/Users/Joel/Unity Projects/LowPolyGameV2
Using Asset Import Pipeline V2.
Refreshing native plugins compatible for Editor in 297.33 ms, found 4 plugins.
Preloading 1 native plugins for Editor in 2.57 ms.
Initialize engine version: 2020.2.1f1 (270dd8c3da1c)
[Subsystems] Discovering subsystems at path C:/Program Files/Unity2019.4.17f1/2020.2.1f1/Editor/Data/Resources/UnitySubsystems
[Subsystems] Discovering subsystems at path C:/Users/Joel/Unity Projects/LowPolyGameV2/Assets
GfxDevice: creating device client; threaded=0
Direct3D:
    Version:  Direct3D 11.0 [level 11.0]
    Renderer: NVIDIA GeForce GTX 550 Ti (ID=0x1244)
    Vendor:   
    VRAM:     977 MB
    Driver:   21.21.13.7654
Shader 'Oculus/OVRMRCameraFrameLit': fallback shader 'Alpha-Diffuse' not found
Initialize mono
Mono path[0] = 'C:/Program Files/Unity2019.4.17f1/2020.2.1f1/Editor/Data/Managed'
Mono path[1] = 'C:/Program Files/Unity2019.4.17f1/2020.2.1f1/Editor/Data/MonoBleedingEdge/lib/mono/unityjit'
Mono config path = 'C:/Program Files/Unity2019.4.17f1/2020.2.1f1/Editor/Data/MonoBleedingEdge/etc'
Using monoOptions --debugger-agent=transport=dt_socket,embedding=1,server=y,suspend=n,address=127.0.0.1:56488
Begin MonoManager ReloadAssembly
Registering precompiled unity dll's ...
Register platform support module: C:/Program Files/Unity2019.4.17f1/2020.2.1f1/Editor/Data/PlaybackEngines/WebGLSupport/UnityEditor.WebGL.Extensions.dll
Register platform support module: C:/Program Files/Unity2019.4.17f1/2020.2.1f1/Editor/Data/PlaybackEngines/WindowsStandaloneSupport/UnityEditor.WindowsStandalone.Extensions.dll
Registered in 0.012713 seconds.
Native extension for WindowsStandalone target not found
Native extension for WebGL target not found
Refreshing native plugins compatible for Editor in 260.28 ms, found 4 plugins.
Preloading 1 native plugins for Editor in 0.45 ms.
Invoked RoslynAnalysisRunner static constructor.
RoslynAnalysisRunner will not be running.
RoslynAnalysisRunner has terminated.
Mono: successfully reloaded assembly
- Completed reload, in  9.869 seconds
Platform modules already initialized, skipping
Registering precompiled user dll's ...
Registered in 0.013280 seconds.
Begin MonoManager ReloadAssembly
Native extension for WindowsStandalone target not found
Native extension for WebGL target not found
Refreshing native plugins compatible for Editor in 264.68 ms, found 4 plugins.
Preloading 1 native plugins for Editor in 0.32 ms.
Invoked RoslynAnalysisRunner static constructor.
RoslynAnalysisRunner will not be running.
RoslynAnalysisRunner has terminated.
[XR] OculusXRPlugin: registering subsystems
[XR] Unable to register display lifecyle provider: [1]
[XR] Oculus Input lifecycle provider registered.
[XR] Unable to register input lifecyle provider: [1]
[XR] OVRP version 1.55.1
Mono: successfully reloaded assembly
- Completed reload, in  3.010 seconds
Platform modules already initialized, skipping
========================================================================
Worker process is ready to serve import requests
Shader 'Oculus/OVRMRCameraFrameLit': fallback shader 'Alpha-Diffuse' not found
Launched and connected shader compiler UnityShaderCompiler.exe after 0.07 seconds
Refreshing native plugins compatible for Editor in 2.77 ms, found 4 plugins.
Preloading 1 native plugins for Editor in 0.33 ms.
Unloading 2192 Unused Serialized files (Serialized files now loaded: 0)
System memory in use before: 118.7 MB.
System memory in use after: 118.7 MB.

Unloading 36 unused Assets to reduce memory usage. Loaded Objects now: 2634.
Total: 6.087500 ms (FindLiveObjects: 0.480100 ms CreateObjectMapping: 0.343300 ms MarkObjects: 5.016900 ms  DeleteObjects: 0.245000 ms)

========================================================================
Received Import Request.
  path: Assets/Samples/XR Interaction Toolkit/0.10.0-preview.7/XR Device Simulator
  artifactKey: Guid(a6bd9f660f6a1c94886d072836283cf2) Importer(815301076,1909f56bfc062723c751e8b465ee728b)
Start importing Assets/Samples/XR Interaction Toolkit/0.10.0-preview.7/XR Device Simulator using Guid(a6bd9f660f6a1c94886d072836283cf2) Importer(815301076,1909f56bfc062723c751e8b465ee728b)  -> (artifact id: '8a11c9fc9a8a3ed0077c930399348d82') in 0.029992 seconds
  Import took 0.038169 seconds .

========================================================================
Received Prepare
Shader 'Oculus/OVRMRCameraFrameLit': fallback shader 'Alpha-Diffuse' not found
Refreshing native plugins compatible for Editor in 83.62 ms, found 4 plugins.
Preloading 1 native plugins for Editor in 0.38 ms.
Unloading 26 Unused Serialized files (Serialized files now loaded: 0)
System memory in use before: 73.0 MB.
System memory in use after: 73.1 MB.

Unloading 26 unused Assets to reduce memory usage. Loaded Objects now: 2634.
Total: 11.979600 ms (FindLiveObjects: 2.102500 ms CreateObjectMapping: 0.817600 ms MarkObjects: 8.746900 ms  DeleteObjects: 0.307500 ms)

========================================================================
Received Import Request.
  Time since last request: 3775.230339 seconds.
  path: Assets/Oculus/VR/Textures/OculusTouchForQuestAndRiftS/OculusQuestTouchControllerTexture.tga
  artifactKey: Guid(a53d1d4e8207acf45b310f189c342b70) Importer(815301076,1909f56bfc062723c751e8b465ee728b)
Start importing Assets/Oculus/VR/Textures/OculusTouchForQuestAndRiftS/OculusQuestTouchControllerTexture.tga using Guid(a53d1d4e8207acf45b310f189c342b70) Importer(815301076,1909f56bfc062723c751e8b465ee728b)  -> (artifact id: '025d25d22fba373b29d9881a6f2dc9f6') in 0.846464 seconds
  Import took 0.856804 seconds .

========================================================================
Received Import Request.
  Time since last request: 0.000450 seconds.
  path: Assets/Oculus/VR/Textures/OculusTouchForQuest2/OculusTouchForQuest2_Right.TGA
  artifactKey: Guid(e441be63d6e5c294aae032fe28daf965) Importer(815301076,1909f56bfc062723c751e8b465ee728b)
Start importing Assets/Oculus/VR/Textures/OculusTouchForQuest2/OculusTouchForQuest2_Right.TGA using Guid(e441be63d6e5c294aae032fe28daf965) Importer(815301076,1909f56bfc062723c751e8b465ee728b)  -> (artifact id: '22109d7c3475a0ab2e893e27d8fb82fa') in 0.072872 seconds
  Import took 0.081333 seconds .

========================================================================
Received Import Request.
  Time since last request: 0.000537 seconds.
  path: Assets/Oculus/VR/Textures/OculusTouchForQuest2/OculusTouchForQuest2_Left.TGA
  artifactKey: Guid(0368149f02b42c14095151aaff644f46) Importer(815301076,1909f56bfc062723c751e8b465ee728b)
Start importing Assets/Oculus/VR/Textures/OculusTouchForQuest2/OculusTouchForQuest2_Left.TGA using Guid(0368149f02b42c14095151aaff644f46) Importer(815301076,1909f56bfc062723c751e8b465ee728b)  -> (artifact id: 'fba812103bcfb79ec71a5dde0c004891') in 0.076507 seconds
  Import took 0.084547 seconds .

========================================================================
Received Import Request.
  Time since last request: 0.000466 seconds.
  path: Assets/Oculus/VR/Meshes/OculusTouchForQuestAndRiftS/Materials/OculusTouchForQuestAndRiftS_Material.mat
  artifactKey: Guid(01ac879f6ce09924e9c26663f798beaf) Importer(815301076,1909f56bfc062723c751e8b465ee728b)
Start importing Assets/Oculus/VR/Meshes/OculusTouchForQuestAndRiftS/Materials/OculusTouchForQuestAndRiftS_Material.mat using Guid(01ac879f6ce09924e9c26663f798beaf) Importer(815301076,1909f56bfc062723c751e8b465ee728b)  -> (artifact id: '3ff89dd2aa43626b99393daf07f339de') in 0.364650 seconds
  Import took 0.375409 seconds .

========================================================================
Received Import Request.
  Time since last request: 0.000421 seconds.
  path: Assets/Oculus/VR/Meshes/OculusTouchForQuest2/OculusTouchForQuest2_Left.fbx
  artifactKey: Guid(4470b2e79e849934cbb5781e7100483b) Importer(815301076,1909f56bfc062723c751e8b465ee728b)
Start importing Assets/Oculus/VR/Meshes/OculusTouchForQuest2/OculusTouchForQuest2_Left.fbx using Guid(4470b2e79e849934cbb5781e7100483b) Importer(815301076,1909f56bfc062723c751e8b465ee728b)  -> (artifact id: '85e44ee29d10d5b83966fcc2029e187b') in 0.316242 seconds
  Import took 0.324489 seconds .

========================================================================
Received Import Request.
  Time since last request: 0.000433 seconds.
  path: Assets/Oculus/VR/Meshes/OculusTouchForQuest2/Materials/OculusTouchForQuest2_Right.mat
  artifactKey: Guid(0cd3ed1aad0963f4a8819e086ec6909f) Importer(815301076,1909f56bfc062723c751e8b465ee728b)
Start importing Assets/Oculus/VR/Meshes/OculusTouchForQuest2/Materials/OculusTouchForQuest2_Right.mat using Guid(0cd3ed1aad0963f4a8819e086ec6909f) Importer(815301076,1909f56bfc062723c751e8b465ee728b)  -> (artifact id: 'dce111a552fa94d77545061e792240a1') in 0.066249 seconds
  Import took 0.075746 seconds .

========================================================================
Received Import Request.
  Time since last request: 0.000405 seconds.
  path: Assets/Oculus/VR/Meshes/OculusTouchForQuestAndRiftS/OculusTouchForQuestAndRiftS_Left.fbx
  artifactKey: Guid(32fbc8bcebb64584da5868aeeb086cda) Importer(815301076,1909f56bfc062723c751e8b465ee728b)
Start importing Assets/Oculus/VR/Meshes/OculusTouchForQuestAndRiftS/OculusTouchForQuestAndRiftS_Left.fbx using Guid(32fbc8bcebb64584da5868aeeb086cda) Importer(815301076,1909f56bfc062723c751e8b465ee728b)  -> (artifact id: '1f0fff11f8ee64a2e29777f3bf95c291') in 0.206815 seconds
  Import took 0.216225 seconds .

========================================================================
Received Import Request.
  Time since last request: 0.000431 seconds.
  path: Assets/Oculus/VR/Meshes/OculusTouchForQuest2/Materials/OculusTouchForQuest2_Left.mat
  artifactKey: Guid(9ec1bc286fd619a4684490e761da7545) Importer(815301076,1909f56bfc062723c751e8b465ee728b)
Start importing Assets/Oculus/VR/Meshes/OculusTouchForQuest2/Materials/OculusTouchForQuest2_Left.mat using Guid(9ec1bc286fd619a4684490e761da7545) Importer(815301076,1909f56bfc062723c751e8b465ee728b)  -> (artifact id: '2c0af78a58d593ab3eabfd877d10d29c') in 0.055590 seconds
  Import took 0.063952 seconds .

========================================================================
Received Import Request.
  Time since last request: 0.000347 seconds.
  path: Assets/Oculus/VR/Meshes/OculusTouchForQuest2/OculusTouchForQuest2_Right.fbx
  artifactKey: Guid(47b4082d2994ed045925b7ff6c245fb5) Importer(815301076,1909f56bfc062723c751e8b465ee728b)
Start importing Assets/Oculus/VR/Meshes/OculusTouchForQuest2/OculusTouchForQuest2_Right.fbx using Guid(47b4082d2994ed045925b7ff6c245fb5) Importer(815301076,1909f56bfc062723c751e8b465ee728b)  -> (artifact id: '994132d0027f77e9c1fe26130fe73889') in 0.091299 seconds
  Import took 0.099870 seconds .

========================================================================
Received Import Request.
  Time since last request: 0.000470 seconds.
  path: Assets/Oculus/VR/Meshes/OculusTouchForQuestAndRiftS/OculusTouchForQuestAndRiftS_Right.fbx
  artifactKey: Guid(37ba10a26a648144fa2390c8adfb2c8a) Importer(815301076,1909f56bfc062723c751e8b465ee728b)
Start importing Assets/Oculus/VR/Meshes/OculusTouchForQuestAndRiftS/OculusTouchForQuestAndRiftS_Right.fbx using Guid(37ba10a26a648144fa2390c8adfb2c8a) Importer(815301076,1909f56bfc062723c751e8b465ee728b)  -> (artifact id: '6fb15d2928569b9850a0dd3f3706072d') in 0.219165 seconds
  Import took 0.228878 seconds .

========================================================================
Received Import Request.
  Time since last request: 0.000569 seconds.
  path: Assets/Oculus/VR/Textures/OculusTouchForQuest2/OculusTouchForQuest2_Roughness.tga
  artifactKey: Guid(561aabc57cbcf9046873810d9988f99e) Importer(815301076,1909f56bfc062723c751e8b465ee728b)
Start importing Assets/Oculus/VR/Textures/OculusTouchForQuest2/OculusTouchForQuest2_Roughness.tga using Guid(561aabc57cbcf9046873810d9988f99e) Importer(815301076,1909f56bfc062723c751e8b465ee728b)  -> (artifact id: 'f24020754b31cd963437b449f38039ba') in 0.049574 seconds
  Import took 0.058256 seconds .

========================================================================
Received Prepare
Shader 'Oculus/OVRMRCameraFrameLit': fallback shader 'Alpha-Diffuse' not found
Refreshing native plugins compatible for Editor in 64.09 ms, found 4 plugins.
Preloading 1 native plugins for Editor in 0.30 ms.
Unloading 26 Unused Serialized files (Serialized files now loaded: 0)
System memory in use before: 88.7 MB.
System memory in use after: 88.8 MB.

Unloading 26 unused Assets to reduce memory usage. Loaded Objects now: 2680.
Total: 6.320200 ms (FindLiveObjects: 0.600700 ms CreateObjectMapping: 0.133200 ms MarkObjects: 5.446900 ms  DeleteObjects: 0.136700 ms)

========================================================================
Received Import Request.
  Time since last request: 1527.906454 seconds.
  path: Assets/Oculus/Spatializer/scenes/sounds/360 Workstation Ambisonic Panning AmbiX.wav
  artifactKey: Guid(1340d7fb0cd1bfb4caa3b3270cb2ea5f) Importer(815301076,1909f56bfc062723c751e8b465ee728b)
Start importing Assets/Oculus/Spatializer/scenes/sounds/360 Workstation Ambisonic Panning AmbiX.wav using Guid(1340d7fb0cd1bfb4caa3b3270cb2ea5f) Importer(815301076,1909f56bfc062723c751e8b465ee728b)  -> (artifact id: '6982fc3aef23cab0d85aca9b589a0046') in 0.133234 seconds
  Import took 0.144274 seconds .

========================================================================
Received Import Request.
  Time since last request: 0.000381 seconds.
  path: Assets/polyperfect/Low Poly Ultimate Pack/T/- Meshes_T/Tools_T/axe.fbx
  artifactKey: Guid(8b8b5788f1ed44575b649196db0da725) Importer(815301076,1909f56bfc062723c751e8b465ee728b)
Start importing Assets/polyperfect/Low Poly Ultimate Pack/T/- Meshes_T/Tools_T/axe.fbx using Guid(8b8b5788f1ed44575b649196db0da725) Importer(815301076,1909f56bfc062723c751e8b465ee728b)  -> (artifact id: 'e21d10097b1192aff688687693af7a2d') in 0.069540 seconds
  Import took 0.078923 seconds .

========================================================================
Received Import Request.
  Time since last request: 0.000581 seconds.
  path: Assets/polyperfect/Low Poly Ultimate Pack/T/- Meshes_T/Props_T/atm-mechine.fbx
  artifactKey: Guid(67428c86a39ee9f4bbfcb91233970fd0) Importer(815301076,1909f56bfc062723c751e8b465ee728b)
Start importing Assets/polyperfect/Low Poly Ultimate Pack/T/- Meshes_T/Props_T/atm-mechine.fbx using Guid(67428c86a39ee9f4bbfcb91233970fd0) Importer(815301076,1909f56bfc062723c751e8b465ee728b)  -> (artifact id: '7e5890f03288abaa3e8080d3e2d046e4') in 0.074599 seconds
  Import took 0.087332 seconds .

========================================================================
Received Import Request.
  Time since last request: 0.000451 seconds.
  path: Assets/polyperfect/Low Poly Ultimate Pack/M/- Meshes_M/Props_M/atm-mechine.fbx
  artifactKey: Guid(2424becd68c01ab4aaf98999d3f82ac4) Importer(815301076,1909f56bfc062723c751e8b465ee728b)
Start importing Assets/polyperfect/Low Poly Ultimate Pack/M/- Meshes_M/Props_M/atm-mechine.fbx using Guid(2424becd68c01ab4aaf98999d3f82ac4) Importer(815301076,1909f56bfc062723c751e8b465ee728b)  -> (artifact id: 'b576508ce1214fac370385e17945f82c') in 0.060789 seconds
  Import took 0.068533 seconds .

========================================================================
Received Import Request.
  Time since last request: 90.545159 seconds.
  path: Assets/Oculus/SampleFramework/Core/HandsInteraction/Prefabs/InteractableToolsSDKDriver.prefab
  artifactKey: Guid(2ced187cdc1b6b94da2fd30a37e8bc41) Importer(815301076,1909f56bfc062723c751e8b465ee728b)
Start importing Assets/Oculus/SampleFramework/Core/HandsInteraction/Prefabs/InteractableToolsSDKDriver.prefab using Guid(2ced187cdc1b6b94da2fd30a37e8bc41) Importer(815301076,1909f56bfc062723c751e8b465ee728b)  -> (artifact id: 'dcefc1429003b433db7dc349be04ae97') in 0.085445 seconds
  Import took 0.093193 seconds .

========================================================================
Received Prepare
Shader 'Oculus/OVRMRCameraFrameLit': fallback shader 'Alpha-Diffuse' not found
Refreshing native plugins compatible for Editor in 46.62 ms, found 4 plugins.
Preloading 1 native plugins for Editor in 0.22 ms.
Unloading 26 Unused Serialized files (Serialized files now loaded: 0)
System memory in use before: 88.9 MB.
System memory in use after: 89.0 MB.

Unloading 27 unused Assets to reduce memory usage. Loaded Objects now: 2683.
Total: 11.075700 ms (FindLiveObjects: 0.705400 ms CreateObjectMapping: 0.194200 ms MarkObjects: 9.352400 ms  DeleteObjects: 0.818900 ms)

========================================================================
Received Import Request.
  Time since last request: 1385.131001 seconds.
  path: ProjectSettings/TagManager.asset
  artifactKey: Guid(00000000000000003000000000000000) Importer(815301076,1909f56bfc062723c751e8b465ee728b)
Start importing ProjectSettings/TagManager.asset using Guid(00000000000000003000000000000000) Importer(815301076,1909f56bfc062723c751e8b465ee728b)  -> (artifact id: '26e360fe205d49f0b9f4ad8aa6bd860d') in 0.062701 seconds
  Import took 0.072735 seconds .

========================================================================
Received Prepare
Shader 'Oculus/OVRMRCameraFrameLit': fallback shader 'Alpha-Diffuse' not found
Refreshing native plugins compatible for Editor in 65.89 ms, found 4 plugins.
Preloading 1 native plugins for Editor in 0.29 ms.
Unloading 26 Unused Serialized files (Serialized files now loaded: 0)
System memory in use before: 88.9 MB.
System memory in use after: 89.0 MB.

Unloading 27 unused Assets to reduce memory usage. Loaded Objects now: 2683.
Total: 18.555200 ms (FindLiveObjects: 2.459400 ms CreateObjectMapping: 0.222500 ms MarkObjects: 15.692100 ms  DeleteObjects: 0.174600 ms)

========================================================================
Received Import Request.
  Time since last request: 1715.891075 seconds.
  path: Assets/Scripts/LocomotionController.cs
  artifactKey: Guid(aae5750c448004941a39624ec503e1a8) Importer(815301076,1909f56bfc062723c751e8b465ee728b)
Start importing Assets/Scripts/LocomotionController.cs using Guid(aae5750c448004941a39624ec503e1a8) Importer(815301076,1909f56bfc062723c751e8b465ee728b)  -> (artifact id: '479fa06111bcd68b223dbf9d49bb128f') in 0.058595 seconds
  Import took 0.091126 seconds .

========================================================================
Received Import Request.
  Time since last request: 223.544292 seconds.
  path: Assets/Oculus/SampleFramework/Core/Locomotion/Scripts/LocomotionController.cs
  artifactKey: Guid(085d9ec7bb5e55f48b879d93931f553e) Importer(815301076,1909f56bfc062723c751e8b465ee728b)
Start importing Assets/Oculus/SampleFramework/Core/Locomotion/Scripts/LocomotionController.cs using Guid(085d9ec7bb5e55f48b879d93931f553e) Importer(815301076,1909f56bfc062723c751e8b465ee728b)  -> (artifact id: '9e6057f6faafd3c6f875cc345fe40b34') in 0.025241 seconds
  Import took 0.035183 seconds .

========================================================================
Received Import Request.
  Time since last request: 18.801453 seconds.
  path: Assets/Scripts/LocomotionCtrl.cs
  artifactKey: Guid(aae5750c448004941a39624ec503e1a8) Importer(815301076,1909f56bfc062723c751e8b465ee728b)
Start importing Assets/Scripts/LocomotionCtrl.cs using Guid(aae5750c448004941a39624ec503e1a8) Importer(815301076,1909f56bfc062723c751e8b465ee728b)  -> (artifact id: '7d98aa3878578d57726a5571b2af4ca6') in 3.519395 seconds
  Import took 3.533790 seconds .

========================================================================
Received Import Request.
  Time since last request: 0.000497 seconds.
  path: Assets/Scripts/LocomotionCtrl.cs
  artifactKey: Guid(aae5750c448004941a39624ec503e1a8) Importer(815301076,1909f56bfc062723c751e8b465ee728b)
Start importing Assets/Scripts/LocomotionCtrl.cs using Guid(aae5750c448004941a39624ec503e1a8) Importer(815301076,1909f56bfc062723c751e8b465ee728b)  -> (artifact id: '7d98aa3878578d57726a5571b2af4ca6') in 0.036854 seconds
  Import took 0.048070 seconds .

========================================================================
Received Import Request.
  Time since last request: 36.659435 seconds.
  path: Assets/Scripts/LocomotionCtrl.cs
  artifactKey: Guid(aae5750c448004941a39624ec503e1a8) Importer(815301076,1909f56bfc062723c751e8b465ee728b)
Start importing Assets/Scripts/LocomotionCtrl.cs using Guid(aae5750c448004941a39624ec503e1a8) Importer(815301076,1909f56bfc062723c751e8b465ee728b)  -> (artifact id: 'baefed536fdcddcb3c4214ef484115da') in 0.036843 seconds
  Import took 0.050852 seconds .

========================================================================
Received Import Request.
  Time since last request: 0.224276 seconds.
  path: Assets/Scripts/LocomotionCtrl.cs
  artifactKey: Guid(aae5750c448004941a39624ec503e1a8) Importer(815301076,1909f56bfc062723c751e8b465ee728b)
Start importing Assets/Scripts/LocomotionCtrl.cs using Guid(aae5750c448004941a39624ec503e1a8) Importer(815301076,1909f56bfc062723c751e8b465ee728b)  -> (artifact id: 'baefed536fdcddcb3c4214ef484115da') in 0.058162 seconds
  Import took 0.076707 seconds .

========================================================================
Received Import Request.
  Time since last request: 35.358469 seconds.
  path: Assets/Scripts/LocomotionController.cs
  artifactKey: Guid(cfb949d91aed1de4fa6aff3201a306af) Importer(815301076,1909f56bfc062723c751e8b465ee728b)
Start importing Assets/Scripts/LocomotionController.cs using Guid(cfb949d91aed1de4fa6aff3201a306af) Importer(815301076,1909f56bfc062723c751e8b465ee728b)  -> (artifact id: '9386c40ee3dcf2b5f710a897c2ad50be') in 0.008721 seconds
  Import took 0.018700 seconds .

========================================================================
Received Prepare
Registering precompiled user dll's ...
Registered in 0.023950 seconds.
Begin MonoManager ReloadAssembly
Native extension for WindowsStandalone target not found
Native extension for WebGL target not found
Refreshing native plugins compatible for Editor in 4.49 ms, found 4 plugins.
Preloading 1 native plugins for Editor in 0.28 ms.
Invoked RoslynAnalysisRunner static constructor.
RoslynAnalysisRunner will not be running.
RoslynAnalysisRunner has terminated.
Mono: successfully reloaded assembly
- Completed reload, in  2.981 seconds
Platform modules already initialized, skipping
Shader 'Oculus/OVRMRCameraFrameLit': fallback shader 'Alpha-Diffuse' not found
Refreshing native plugins compatible for Editor in 3.35 ms, found 4 plugins.
Preloading 1 native plugins for Editor in 0.49 ms.
Unloading 2131 Unused Serialized files (Serialized files now loaded: 0)
System memory in use before: 129.1 MB.
System memory in use after: 129.2 MB.

Unloading 29 unused Assets to reduce memory usage. Loaded Objects now: 2687.
Total: 5.762500 ms (FindLiveObjects: 0.550900 ms CreateObjectMapping: 0.139200 ms MarkObjects: 4.922900 ms  DeleteObjects: 0.145600 ms)

========================================================================
Received Prepare
Registering precompiled user dll's ...
Registered in 0.019558 seconds.
Begin MonoManager ReloadAssembly
Native extension for WindowsStandalone target not found
Native extension for WebGL target not found
Refreshing native plugins compatible for Editor in 2.83 ms, found 4 plugins.
Preloading 1 native plugins for Editor in 0.33 ms.
Invoked RoslynAnalysisRunner static constructor.
RoslynAnalysisRunner will not be running.
RoslynAnalysisRunner has terminated.
Mono: successfully reloaded assembly
- Completed reload, in  3.019 seconds
Platform modules already initialized, skipping
Shader 'Oculus/OVRMRCameraFrameLit': fallback shader 'Alpha-Diffuse' not found
Refreshing native plugins compatible for Editor in 2.41 ms, found 4 plugins.
Preloading 1 native plugins for Editor in 0.33 ms.
Unloading 2132 Unused Serialized files (Serialized files now loaded: 0)
System memory in use before: 128.8 MB.
System memory in use after: 128.9 MB.

Unloading 29 unused Assets to reduce memory usage. Loaded Objects now: 2690.
Total: 7.872700 ms (FindLiveObjects: 1.310200 ms CreateObjectMapping: 0.668200 ms MarkObjects: 5.737800 ms  DeleteObjects: 0.154200 ms)

========================================================================
Received Prepare
Registering precompiled user dll's ...
Registered in 0.017343 seconds.
Begin MonoManager ReloadAssembly
Native extension for WindowsStandalone target not found
Native extension for WebGL target not found
Refreshing native plugins compatible for Editor in 2.40 ms, found 4 plugins.
Preloading 1 native plugins for Editor in 0.37 ms.
Invoked RoslynAnalysisRunner static constructor.
RoslynAnalysisRunner will not be running.
RoslynAnalysisRunner has terminated.
Mono: successfully reloaded assembly
- Completed reload, in  3.137 seconds
Platform modules already initialized, skipping
Shader 'Oculus/OVRMRCameraFrameLit': fallback shader 'Alpha-Diffuse' not found
Refreshing native plugins compatible for Editor in 3.47 ms, found 4 plugins.
Preloading 1 native plugins for Editor in 0.40 ms.
Unloading 2132 Unused Serialized files (Serialized files now loaded: 0)
System memory in use before: 129.2 MB.
System memory in use after: 129.3 MB.

Unloading 29 unused Assets to reduce memory usage. Loaded Objects now: 2693.
Total: 5.192100 ms (FindLiveObjects: 0.577000 ms CreateObjectMapping: 0.147400 ms MarkObjects: 4.332700 ms  DeleteObjects: 0.132700 ms)

========================================================================
Received Import Request.
  Time since last request: 1057.479189 seconds.
  path: Assets/Oculus/Spatializer/scenes/materials/SpatializedObject2.mat
  artifactKey: Guid(f54ef0e328359c14b9005f8a48cbd66b) Importer(815301076,1909f56bfc062723c751e8b465ee728b)
Start importing Assets/Oculus/Spatializer/scenes/materials/SpatializedObject2.mat using Guid(f54ef0e328359c14b9005f8a48cbd66b) Importer(815301076,1909f56bfc062723c751e8b465ee728b)  -> (artifact id: '1be98e36db67be6791931e1aaa799b0b') in 0.310980 seconds
  Import took 0.323259 seconds .

========================================================================
Received Import Request.
  Time since last request: 0.000584 seconds.
  path: Assets/Oculus/SampleFramework/Usage/SharedAssets/Materials/SportsBottle_lid.mat
  artifactKey: Guid(c99e99ab53520b24f933da34732440eb) Importer(815301076,1909f56bfc062723c751e8b465ee728b)
Start importing Assets/Oculus/SampleFramework/Usage/SharedAssets/Materials/SportsBottle_lid.mat using Guid(c99e99ab53520b24f933da34732440eb) Importer(815301076,1909f56bfc062723c751e8b465ee728b)  -> (artifact id: '432c60d8ba23ca19403bf48f479254aa') in 0.078886 seconds
  Import took 0.090784 seconds .

========================================================================
Received Prepare
Shader 'Oculus/OVRMRCameraFrameLit': fallback shader 'Alpha-Diffuse' not found
Refreshing native plugins compatible for Editor in 54.38 ms, found 4 plugins.
Preloading 1 native plugins for Editor in 0.52 ms.
Unloading 29 Unused Serialized files (Serialized files now loaded: 0)
System memory in use before: 89.0 MB.
System memory in use after: 89.1 MB.

Unloading 26 unused Assets to reduce memory usage. Loaded Objects now: 2694.
Total: 13.327500 ms (FindLiveObjects: 0.881700 ms CreateObjectMapping: 0.147900 ms MarkObjects: 12.121600 ms  DeleteObjects: 0.172300 ms)

